  Using bundled DotNet SDK version: 6.0.302
  Running UnrealBuildTool: dotnet "..\..\Engine\Binaries\DotNET\UnrealBuildTool\UnrealBuildTool.dll" EHProjectEditor Win64 Development -Project="C:\eh\EHProject.vol1\EHProject.uproject" -WaitMutex -FromMsBuild
  Log file: C:\Users\양성주\AppData\Local\UnrealBuildTool\Log.txt
  Invalidating makefile for EHProjectEditor (CircuitSubsystem.cpp.obj.response modified)
  Parsing headers for EHProjectEditor
    Running Internal UnrealHeaderTool C:\eh\EHProject.vol1\EHProject.uproject C:\eh\EHProject.vol1\Intermediate\Build\Win64\EHProjectEditor\Development\EHProjectEditor.uhtmanifest -WarningsAsErrors -installed
  Total of 3 written
  Reflection code generated for EHProjectEditor in 1.6545733 seconds
  Building EHProjectEditor...
  Using Visual Studio 2022 14.34.31948 toolchain (C:\Program Files\Microsoft Visual Studio\2022\Community\VC\Tools\MSVC\14.34.31933) and Windows 10.0.18362.0 SDK (C:\Program Files (x86)\Windows Kits\10).
  [Upgrade]
  [Upgrade] Using backward-compatible include order. The latest version of UE has changed the order of includes, which may require code changes. The current setting is:
  [Upgrade]     IncludeOrderVersion = EngineIncludeOrderVersion.Unreal5_1
  [Upgrade] Suppress this message by setting 'IncludeOrderVersion = EngineIncludeOrderVersion.Unreal5_2;' in EHProjectEditor.Target.cs.
  [Upgrade] Alternatively you can set this to 'EngineIncludeOrderVersion.Latest' to always use the latest include order. This will potentially cause compile errors when integrating new versions of the engine.
  [Upgrade]
  Determining max actions to execute in parallel (12 physical cores, 24 logical cores)
    Executing up to 12 processes, one per physical core
    Requested 1.5 GB free memory per action, 1.75 GB available: limiting max parallel actions to 1
  Distributing 9 actions to XGE
  UnrealBuildTool Compile
  
  --------------------Build System Warning---------------------------------------
  License not activated:
      License is not activated. Please activate the license in the coordinator.
      This build will run in standalone mode.
  
  -------------------------------------------------------------------------------
  
  Build ID: {9FF377FC-2CDE-417D-86ED-FC7F0954AF65}
  
  --------------------Project: Default-------------------------------------------
  [1/9] EHProject.init.gen.cpp (0:07.61 at +0:00)
  [2/9] PartsBase.cpp (0:07.65 at +0:00)
  [3/9] PartsBase.gen.cpp (0:07.64 at +0:00)
  [4/9] CirciutBlueprintFunctionLibrary.cpp (0:07.67 at +0:00)
  [5/9] CircuitSubsystem.gen.cpp (0:07.68 at +0:00)
  [6/9] CircuitSubsystem.cpp (0:10.62 at +0:00)
C:\eh\EHProject.vol1\Source\EHProject\CircuitSubsystem.cpp(647): warning C4457: 'node' 선언은 함수 매개 변수를 숨깁니다.
  C:\eh\EHProject.vol1\Source\EHProject\CircuitSubsystem.cpp(629): note: 'node' 선언을 참조하십시오.
  [7/9] UnrealEditor-EHProject-0001.lib (0:00.39 at +0:10)
     C:\eh\EHProject.vol1\Intermediate\Build\Win64\x64\UnrealEditor\Development\EHProject\UnrealEditor-EHProject-0001.lib 라이브러리 및 C:\eh\EHProject.vol1\Intermediate\Build\Win64\x64\UnrealEditor\Development\EHProject\UnrealEditor-EHProject-0001.exp 개체를 생성하고 있습니다.
  [8/9] UnrealEditor-EHProject-0001.dll (0:01.23 at +0:10)
     C:\eh\EHProject.vol1\Intermediate\Build\Win64\x64\UnrealEditor\Development\EHProject\UnrealEditor-EHProject-0001.suppressed.lib 라이브러리 및 C:\eh\EHProject.vol1\Intermediate\Build\Win64\x64\UnrealEditor\Development\EHProject\UnrealEditor-EHProject-0001.suppressed.exp 개체를 생성하고 있습니다.
  [9/9] EHProjectEditor.target (0:00.31 at +0:11)
  ---------------------- Done ----------------------
  
      Rebuild All: 1 succeeded, 0 failed, 0 skipped
  
  1 build system warning(s):
     - License not activated
  
  Total time in XGE executor: 12.46 seconds
  Total execution time: 18.40 seconds
